

MiKTeX Setup Utility 4.0 Report

Date: Friday, August 07, 2020
Time: 12:48:57
OS version: Linux 5.4.0-1022-azure #22-Ubuntu SMP Fri Jul 10 06:14:37 UTC 2020 x86_64
SystemAdmin: false
SharedSetup: false
UserRoots: <none specified>
UserData: <none specified>
UserConfig: <none specified>
CommonRoots: <none specified>
CommonData: <none specified>
CommonConfig: <none specified>
Installation: /home/runner/.miktex/texmfs/install
initexmf --principal=setup --create-config-file=miktex/config/miktex.ini --set-config-value=[Core]SharedSetup=0 --disable-installer --verbose:
initexmf --update-fndb --disable-installer --verbose:
initexmf --force --mklinks --disable-installer --verbose:
initexmf --mkmaps --mklangs --disable-installer --verbose:
initexmf --default-paper-size=A4 --disable-installer --verbose:
initexmf --set-config-value=[MPM]AutoInstall=2 --disable-installer --verbose:
initexmf --update-fndb --disable-installer --verbose:
initexmf --report --disable-installer --verbose:
